2023-10-05T19:38:26.387Z error: undefined
2023-10-05T21:29:38.360Z error: Error deleting Inactive Users
2023-10-05T21:29:56.938Z error: Error deleting Inactive Users UserService.deleteUser is not a function
2023-10-05T21:30:49.610Z error: Error al enviar el correo electrónico: env is not defined
2023-10-05T21:30:49.611Z error: Error deleting Inactive Users env is not defined
2023-10-05T21:30:49.770Z error: Error al enviar el correo electrónico: env is not defined
2023-10-05T21:30:49.795Z error: Error al enviar el correo electrónico: env is not defined
2023-10-05T21:30:49.798Z error: Error al enviar el correo electrónico: env is not defined
2023-10-05T21:30:49.947Z error: Error al enviar el correo electrónico: env is not defined
2023-10-05T21:30:49.974Z error: Error al enviar el correo electrónico: env is not defined
2023-10-05T21:30:50.530Z error: Error al enviar el correo electrónico: env is not defined
2023-10-05T21:30:50.535Z error: Error al enviar el correo electrónico: env is not defined
2023-10-05T21:40:08.039Z error: Error al enviar el correo electrónico: Invalid login: 535-5.7.8 Username and Password not accepted. Learn more at
535 5.7.8  https://support.google.com/mail/?p=BadCredentials 13-20020a170902c20d00b001b53c8659fesm2234905pll.30 - gsmtp
2023-10-05T21:40:08.040Z error: Error deleting Inactive Users Invalid login: 535-5.7.8 Username and Password not accepted. Learn more at
535 5.7.8  https://support.google.com/mail/?p=BadCredentials 13-20020a170902c20d00b001b53c8659fesm2234905pll.30 - gsmtp
2023-10-05T21:42:48.335Z error: Error al enviar el correo electrónico: Invalid login: 535-5.7.8 Username and Password not accepted. Learn more at
535 5.7.8  https://support.google.com/mail/?p=BadCredentials du13-20020a056a002b4d00b0068e4c5a4f3esm46095pfb.71 - gsmtp
2023-10-05T21:42:48.336Z error: Error deleting Inactive Users Invalid login: 535-5.7.8 Username and Password not accepted. Learn more at
535 5.7.8  https://support.google.com/mail/?p=BadCredentials du13-20020a056a002b4d00b0068e4c5a4f3esm46095pfb.71 - gsmtp
2023-10-06T01:09:24.387Z error: Error al enviar el correo electrónico: Invalid login: 535-5.7.8 Username and Password not accepted. Learn more at
535 5.7.8  https://support.google.com/mail/?p=BadCredentials e24-20020a62aa18000000b006979f70fdd5sm202976pff.219 - gsmtp
2023-10-06T01:09:24.388Z error: Error deleting Inactive Users Invalid login: 535-5.7.8 Username and Password not accepted. Learn more at
535 5.7.8  https://support.google.com/mail/?p=BadCredentials e24-20020a62aa18000000b006979f70fdd5sm202976pff.219 - gsmtp
2023-10-06T01:10:02.354Z error: Error al enviar el correo electrónico: Invalid login: 535-5.7.8 Username and Password not accepted. Learn more at
535 5.7.8  https://support.google.com/mail/?p=BadCredentials fe21-20020a056a002f1500b0068c0fcb40d3sm204571pfb.211 - gsmtp
2023-10-06T01:10:02.355Z error: Error deleting Inactive Users Invalid login: 535-5.7.8 Username and Password not accepted. Learn more at
535 5.7.8  https://support.google.com/mail/?p=BadCredentials fe21-20020a056a002f1500b0068c0fcb40d3sm204571pfb.211 - gsmtp
2023-10-06T01:10:29.739Z error: Error al enviar el correo electrónico: Invalid login: 535-5.7.8 Username and Password not accepted. Learn more at
535 5.7.8  https://support.google.com/mail/?p=BadCredentials iz2-20020a170902ef8200b001c71ec1866fsm2423913plb.258 - gsmtp
2023-10-06T01:10:29.740Z error: Error deleting Inactive Users Invalid login: 535-5.7.8 Username and Password not accepted. Learn more at
535 5.7.8  https://support.google.com/mail/?p=BadCredentials iz2-20020a170902ef8200b001c71ec1866fsm2423913plb.258 - gsmtp
2023-10-06T01:25:25.856Z error: Error al enviar el correo electrónico: Invalid login: 534-5.7.9 Application-specific password required. Learn more at
534 5.7.9  https://support.google.com/mail/?p=InvalidSecondFactor ci5-20020a17090afc8500b00262eccfa29fsm4260075pjb.33 - gsmtp
2023-10-06T01:25:25.857Z error: Error deleting Inactive Users Invalid login: 534-5.7.9 Application-specific password required. Learn more at
534 5.7.9  https://support.google.com/mail/?p=InvalidSecondFactor ci5-20020a17090afc8500b00262eccfa29fsm4260075pjb.33 - gsmtp
2023-10-06T01:29:51.986Z error: Error al enviar el correo electrónico: Invalid login: 534-5.7.9 Application-specific password required. Learn more at
534 5.7.9  https://support.google.com/mail/?p=InvalidSecondFactor b1-20020a170902d50100b001bdb0483e65sm2423464plg.265 - gsmtp
2023-10-06T01:29:51.986Z error: Error deleting Inactive Users Invalid login: 534-5.7.9 Application-specific password required. Learn more at
534 5.7.9  https://support.google.com/mail/?p=InvalidSecondFactor b1-20020a170902d50100b001bdb0483e65sm2423464plg.265 - gsmtp
2023-10-11T08:07:13.268Z error: undefined
2023-10-11T08:07:32.571Z error: undefined
2023-10-11T08:07:52.764Z error: undefined
2023-10-11T08:10:02.188Z error: TypeError: Found non-callable @@iterator
2023-10-11T08:10:24.884Z error: undefined
2023-10-11T18:52:54.803Z error: Error in register
2023-10-11T18:52:54.804Z error: undefined
2023-10-11T18:53:33.841Z error: Error in register
2023-10-11T18:53:33.842Z error: undefined
2023-10-11T20:06:46.392Z error: Cannot delete an admin user
2023-10-11T20:06:46.393Z error: undefined
2023-10-11T20:08:46.115Z error: Cannot delete an admin user
2023-10-11T20:08:46.116Z error: undefined
2023-10-11T20:09:34.221Z error: Cannot delete an admin user
2023-10-11T20:09:34.222Z error: undefined
2023-10-11T20:11:34.919Z error: Cannot delete an admin user
2023-10-11T20:11:34.920Z error: undefined
2023-10-11T20:12:53.203Z error: Cannot delete an admin user
2023-10-11T20:12:53.204Z error: undefined
2023-10-11T20:14:00.889Z error: undefined
2023-10-11T20:14:00.890Z error: You cannot delete this user due to lack of permissions
2023-10-11T20:14:48.030Z error: Cannot delete an admin user
2023-10-11T20:14:48.031Z error: undefined
2023-10-11T20:15:23.974Z error: undefined
2023-10-11T20:15:23.975Z error: You cannot delete this user due to lack of permissions
2023-10-11T20:16:18.135Z error: undefined
2023-10-11T20:16:18.137Z error: undefined
2023-10-11T20:16:38.446Z error: undefined
2023-10-11T20:16:38.446Z error: undefined
2023-10-11T20:16:58.135Z error: undefined
2023-10-11T20:16:58.136Z error: You cannot delete this user due to lack of permissions
2023-10-11T20:33:07.438Z error: undefined
2023-10-11T20:33:07.439Z error: undefined
2023-10-11T20:33:33.970Z error: Cannot delete an admin user
2023-10-11T20:33:33.971Z error: undefined
2023-10-11T20:33:55.706Z error: Cannot delete an admin user
2023-10-11T20:33:55.707Z error: undefined
2023-10-11T20:34:18.710Z error: Cannot delete an admin user
2023-10-11T20:34:18.711Z error: undefined
2023-10-11T20:34:31.878Z error: Cannot delete an admin user
2023-10-11T20:34:31.880Z error: Lacking Permissions
2023-10-16T19:02:10.334Z error: User Not Found with username (email) c@c
2023-10-16T19:02:10.514Z error: Failed to login, invalid credentials
2023-10-16T19:02:20.175Z error: User Not Found with username (email) a@a
2023-10-16T19:02:20.349Z error: Failed to login, invalid credentials
2023-10-16T19:02:31.365Z error: User Not Found with username (email) a@.com
2023-10-16T19:02:31.552Z error: Failed to login, invalid credentials
2023-10-16T19:53:09.954Z error: undefined
2023-10-16T19:53:17.168Z error: undefined
2023-10-16T19:53:40.771Z error: undefined
2023-10-16T19:54:39.331Z error: undefined
2023-10-16T19:54:53.173Z error: undefined
2023-10-16T19:55:52.093Z error: undefined
2023-10-16T19:56:01.049Z error: TypeError: Cannot read properties of null (reading 'owner')
2023-10-16T19:58:57.451Z error: Lacking Permissions
2023-10-16T20:00:10.067Z error: Lacking Permissions
2023-10-16T20:01:00.163Z error: Lacking Permissions
2023-10-16T20:01:29.642Z error: Lacking Permissions
2023-10-16T20:01:43.698Z error: Lacking Permissions
2023-10-16T20:01:59.502Z error: Lacking Permissions
2023-10-16T20:02:20.395Z error: Lacking Permissions
2023-10-16T20:02:35.732Z error: Lacking Permissions
2023-10-16T20:03:12.106Z error: Lacking Permissions
2023-10-16T20:03:18.544Z error: Lacking Permissions
2023-10-16T20:19:14.273Z error: Lacking Permissions
2023-10-16T20:19:19.493Z error: Lacking Permissions
2023-10-16T20:21:36.060Z error: Lacking Permissions
2023-10-16T20:22:10.344Z error: Lacking Permissions
2023-10-16T20:23:56.403Z error: Lacking Permissions
2023-10-16T20:24:26.154Z error: Lacking Permissions
2023-10-16T20:25:29.574Z error: Lacking Permissions
2023-10-16T20:26:10.292Z error: Lacking Permissions
2023-10-16T20:26:38.935Z error: Lacking Permissions
2023-10-16T20:27:09.919Z error: Lacking Permissions
2023-10-16T20:36:23.321Z error: undefined
2023-10-16T20:36:33.181Z error: undefined
2023-10-16T20:36:44.230Z error: undefined
2023-10-16T20:37:10.739Z error: undefined
2023-10-16T20:43:57.203Z error: undefined
2023-10-16T20:44:02.078Z error: undefined
2023-10-16T20:44:10.415Z error: undefined
2023-10-16T20:44:43.317Z error: undefined
2023-10-16T20:45:07.398Z error: undefined
2023-10-16T20:51:34.171Z error: Lacking Permissions
2023-10-17T20:06:56.559Z error: You cannot buy your own products
2023-10-17T20:07:56.491Z error: You cannot buy your own products
2023-10-17T20:38:37.275Z error: You cannot buy your own products
2023-10-17T21:48:01.871Z error: undefined
2023-10-17T21:49:01.737Z error: undefined
2023-10-17T21:49:29.563Z error: undefined
2023-10-17T21:49:44.637Z error: undefined
2023-10-17T21:49:50.362Z error: undefined
2023-10-17T21:50:12.393Z error: undefined
2023-10-17T21:50:19.654Z error: undefined
2023-10-17T21:50:41.037Z error: undefined
2023-10-17T21:52:21.673Z error: undefined
2023-10-17T21:52:57.427Z error: TypeError: Assignment to constant variable.
2023-10-17T21:52:58.417Z error: TypeError: Assignment to constant variable.
2023-10-17T21:53:07.292Z error: TypeError: Assignment to constant variable.
2023-10-17T21:53:08.350Z error: TypeError: Assignment to constant variable.
2023-10-17T21:53:26.422Z error: undefined
2023-10-17T21:54:20.376Z error: undefined
2023-10-17T21:54:32.764Z error: undefined
2023-10-17T21:55:32.338Z error: Assignment to constant variable.
2023-10-17T22:10:54.537Z error: You cannot buy your own products
2023-10-17T22:22:06.922Z error: Error in register
2023-10-17T22:22:06.923Z error: undefined
2023-10-18T01:26:15.109Z error: [object Object]
2023-10-18T01:32:17.460Z error: undefined
2023-10-18T01:32:31.917Z error: undefined
2023-10-18T01:32:38.915Z error: undefined
2023-10-18T01:34:13.513Z error: Not enough stock
2023-10-18T01:37:12.228Z error: Not enough stock
2023-10-18T01:37:34.330Z error: Not enough stock
2023-10-18T01:37:40.440Z error: Not enough stock
2023-10-18T01:38:40.255Z error: undefined
2023-10-18T01:50:57.213Z error: Not enough stock
2023-10-18T01:54:00.700Z error: undefined
2023-10-18T01:54:27.574Z error: Not enough stock
2023-10-18T01:54:27.755Z error: Not enough stock
2023-10-18T01:54:27.939Z error: Not enough stock
2023-10-18T01:58:32.915Z error: Not enough stock
2023-10-18T01:58:33.090Z error: Not enough stock
2023-10-18T01:58:35.341Z error: Not enough stock
2023-10-18T02:04:06.275Z error: Not enough stock
2023-10-18T02:04:06.477Z error: Not enough stock
2023-10-18T02:04:07.371Z error: Not enough stock
2023-10-18T02:04:07.554Z error: Not enough stock
2023-10-18T02:39:47.042Z error: undefined
2023-10-18T02:40:21.215Z error: undefined
2023-10-18T16:51:06.831Z error: undefined
2023-10-18T16:51:06.832Z error: undefined
2023-10-18T16:52:43.095Z error: ValidationError: email: Path `email` is required.
2023-10-18T16:52:43.096Z error: undefined
2023-10-18T16:53:17.915Z error: [object Object]
2023-10-18T16:53:17.916Z error: undefined
2023-10-18T17:04:03.527Z error: [object Object]
2023-10-18T17:04:03.528Z error: undefined
2023-10-18T17:05:06.893Z error: [object Object]
2023-10-18T17:05:06.894Z error: undefined
2023-10-18T17:05:17.334Z error: [object Object]
2023-10-18T17:05:17.335Z error: undefined
2023-10-18T17:09:36.109Z error: [object Object]
2023-10-18T17:09:36.110Z error: undefined
2023-10-18T17:20:57.776Z error: [object Object]
2023-10-18T17:20:57.776Z error: undefined
2023-10-18T17:22:42.177Z error: [object Object]
2023-10-18T17:22:42.179Z error: undefined
2023-10-18T17:25:52.052Z error: undefined
2023-10-18T17:26:10.182Z error: undefined
2023-10-18T17:26:10.183Z error: undefined
2023-10-18T18:29:59.899Z error: User Not Found with username (email) guille@guillesss
2023-10-18T18:30:01.025Z error: Failed to login, invalid credentials
2023-10-18T18:31:49.075Z error: undefined
2023-10-18T18:31:49.076Z error: undefined
2023-10-18T18:32:09.949Z error: undefined
2023-10-18T18:32:09.950Z error: undefined
2023-10-18T18:32:50.941Z error: Failed to login, invalid credentials
2023-10-18T18:33:07.942Z error: [object Object]
2023-10-18T18:33:07.942Z error: undefined
